<?xml version="1.0" encoding="UTF-8"?>
<!-- Generated by org.testng.reporters.JUnitXMLReporter -->
<testsuite ignored="0" hostname="DESKTOP-KFN922T" failures="0" tests="3" name="Default test" time="0.187" errors="0" timestamp="2023-06-09T14:04:03 IST">
  <testcase classname="com.BasicTestNG.Demo.AnnotationsDemo" name="logIn" time="0.02"/>
  <testcase classname="com.BasicTestNG.Demo.AnnotationsDemo" name="registration" time="0.006"/>
  <testcase classname="com.BasicTestNG.Demo.AnnotationsDemo" name="search" time="0.012"/>
</testsuite> <!-- Default test -->
