<?xml version="1.0" encoding="UTF-8"?>
<testng-results ignored="0" total="3" passed="3" failed="0" skipped="0">
  <reporter-output>
  </reporter-output>
  <suite started-at="2023-06-09T14:04:02 IST" name="Default suite" finished-at="2023-06-09T14:04:02 IST" duration-ms="187">
    <groups>
    </groups>
    <test started-at="2023-06-09T14:04:02 IST" name="Default test" finished-at="2023-06-09T14:04:02 IST" duration-ms="187">
      <class name="com.BasicTestNG.Demo.AnnotationsDemo">
        <test-method is-config="true" signature="beforeSuite()[pri:0, instance:com.BasicTestNG.Demo.AnnotationsDemo@22ef9844]" started-at="2023-06-09T14:04:02 IST" name="beforeSuite" finished-at="2023-06-09T14:04:02 IST" duration-ms="16" status="PASS">
          <reporter-output>
          </reporter-output>
        </test-method> <!-- beforeSuite -->
        <test-method is-config="true" signature="beforeTest()[pri:0, instance:com.BasicTestNG.Demo.AnnotationsDemo@22ef9844]" started-at="2023-06-09T14:04:02 IST" name="beforeTest" finished-at="2023-06-09T14:04:02 IST" duration-ms="5" status="PASS">
          <reporter-output>
          </reporter-output>
        </test-method> <!-- beforeTest -->
        <test-method is-config="true" signature="beforeClass()[pri:0, instance:com.BasicTestNG.Demo.AnnotationsDemo@22ef9844]" started-at="2023-06-09T14:04:02 IST" name="beforeClass" finished-at="2023-06-09T14:04:02 IST" duration-ms="1" status="PASS">
          <reporter-output>
          </reporter-output>
        </test-method> <!-- beforeClass -->
        <test-method is-config="true" signature="beforeMethod()[pri:0, instance:com.BasicTestNG.Demo.AnnotationsDemo@22ef9844]" started-at="2023-06-09T14:04:02 IST" name="beforeMethod" finished-at="2023-06-09T14:04:02 IST" duration-ms="1" status="PASS">
          <reporter-output>
          </reporter-output>
        </test-method> <!-- beforeMethod -->
        <test-method signature="logIn()[pri:0, instance:com.BasicTestNG.Demo.AnnotationsDemo@22ef9844]" started-at="2023-06-09T14:04:02 IST" name="logIn" finished-at="2023-06-09T14:04:02 IST" duration-ms="20" status="PASS">
          <reporter-output>
          </reporter-output>
        </test-method> <!-- logIn -->
        <test-method is-config="true" signature="afterMethod()[pri:0, instance:com.BasicTestNG.Demo.AnnotationsDemo@22ef9844]" started-at="2023-06-09T14:04:02 IST" name="afterMethod" finished-at="2023-06-09T14:04:02 IST" duration-ms="1" status="PASS">
          <reporter-output>
          </reporter-output>
        </test-method> <!-- afterMethod -->
        <test-method signature="registration()[pri:0, instance:com.BasicTestNG.Demo.AnnotationsDemo@22ef9844]" started-at="2023-06-09T14:04:02 IST" name="registration" finished-at="2023-06-09T14:04:02 IST" duration-ms="6" status="PASS">
          <reporter-output>
          </reporter-output>
        </test-method> <!-- registration -->
        <test-method is-config="true" signature="beforeMethod()[pri:0, instance:com.BasicTestNG.Demo.AnnotationsDemo@22ef9844]" started-at="2023-06-09T14:04:02 IST" name="beforeMethod" finished-at="2023-06-09T14:04:02 IST" duration-ms="0" status="PASS">
          <reporter-output>
          </reporter-output>
        </test-method> <!-- beforeMethod -->
        <test-method is-config="true" signature="afterMethod()[pri:0, instance:com.BasicTestNG.Demo.AnnotationsDemo@22ef9844]" started-at="2023-06-09T14:04:02 IST" name="afterMethod" finished-at="2023-06-09T14:04:02 IST" duration-ms="2" status="PASS">
          <reporter-output>
          </reporter-output>
        </test-method> <!-- afterMethod -->
        <test-method is-config="true" signature="beforeMethod()[pri:0, instance:com.BasicTestNG.Demo.AnnotationsDemo@22ef9844]" started-at="2023-06-09T14:04:02 IST" name="beforeMethod" finished-at="2023-06-09T14:04:02 IST" duration-ms="4" status="PASS">
          <reporter-output>
          </reporter-output>
        </test-method> <!-- beforeMethod -->
        <test-method signature="search()[pri:0, instance:com.BasicTestNG.Demo.AnnotationsDemo@22ef9844]" started-at="2023-06-09T14:04:02 IST" name="search" finished-at="2023-06-09T14:04:02 IST" duration-ms="12" status="PASS">
          <reporter-output>
          </reporter-output>
        </test-method> <!-- search -->
        <test-method is-config="true" signature="afterMethod()[pri:0, instance:com.BasicTestNG.Demo.AnnotationsDemo@22ef9844]" started-at="2023-06-09T14:04:02 IST" name="afterMethod" finished-at="2023-06-09T14:04:02 IST" duration-ms="18" status="PASS">
          <reporter-output>
          </reporter-output>
        </test-method> <!-- afterMethod -->
        <test-method is-config="true" signature="afterTest()[pri:0, instance:com.BasicTestNG.Demo.AnnotationsDemo@22ef9844]" started-at="2023-06-09T14:04:02 IST" name="afterTest" finished-at="2023-06-09T14:04:02 IST" duration-ms="4" status="PASS">
          <reporter-output>
          </reporter-output>
        </test-method> <!-- afterTest -->
        <test-method is-config="true" signature="afterClass()[pri:0, instance:com.BasicTestNG.Demo.AnnotationsDemo@22ef9844]" started-at="2023-06-09T14:04:02 IST" name="afterClass" finished-at="2023-06-09T14:04:02 IST" duration-ms="1" status="PASS">
          <reporter-output>
          </reporter-output>
        </test-method> <!-- afterClass -->
        <test-method is-config="true" signature="afterSuite()[pri:0, instance:com.BasicTestNG.Demo.AnnotationsDemo@22ef9844]" started-at="2023-06-09T14:04:03 IST" name="afterSuite" finished-at="2023-06-09T14:04:03 IST" duration-ms="2" status="PASS">
          <reporter-output>
          </reporter-output>
        </test-method> <!-- afterSuite -->
      </class> <!-- com.BasicTestNG.Demo.AnnotationsDemo -->
    </test> <!-- Default test -->
  </suite> <!-- Default suite -->
</testng-results>
